<?xml version="1.0" encoding="UTF-8"?>
<testsuite name="com.generics.testCaseGenerics" tests="1" skipped="0" failures="0" errors="0" timestamp="2019-11-28T10:34:02" hostname="admin1-Lenovo-Product" time="0.004">
  <properties/>
  <testcase name="givenThreeInteger_ShouldReturnMaximum" classname="com.generics.testCaseGenerics" time="0.004"/>
  <system-out><![CDATA[]]></system-out>
  <system-err><![CDATA[]]></system-err>
</testsuite>
