<?xml version="1.0" encoding="UTF-8"?>
<testsuite name="com.generics.testCaseGenerics" tests="3" skipped="0" failures="0" errors="0" timestamp="2019-11-28T12:02:01" hostname="admin1-Lenovo-Product" time="0.006">
  <properties/>
  <testcase name="givenThreeFloat_ShouldReturnMaximum" classname="com.generics.testCaseGenerics" time="0.005"/>
  <testcase name="givenThreeStrings_ShouldReturnMaximum" classname="com.generics.testCaseGenerics" time="0.0"/>
  <testcase name="givenThreeInteger_ShouldReturnMaximum" classname="com.generics.testCaseGenerics" time="0.0"/>
  <system-out><![CDATA[Maximum Number :700.57
Maximum Number :Sneha
Maximum Number :700
]]></system-out>
  <system-err><![CDATA[]]></system-err>
</testsuite>
