<?xml version="1.0" encoding="UTF-8"?>
<testsuite name="com.generics.testCaseGenerics" tests="3" skipped="0" failures="0" errors="0" timestamp="2019-11-28T09:21:55" hostname="admin1-Lenovo-Product" time="0.003">
  <properties/>
  <testcase name="givenThreeDoubleNumber_ShouldReturnMaximum" classname="com.generics.testCaseGenerics" time="0.002"/>
  <testcase name="givenThreeCharcater_ShouldReturnMaximum" classname="com.generics.testCaseGenerics" time="0.0"/>
  <testcase name="givenThreeIntegerNumber_ShouldReturnMaximum" classname="com.generics.testCaseGenerics" time="0.0"/>
  <system-out><![CDATA[]]></system-out>
  <system-err><![CDATA[]]></system-err>
</testsuite>
