<?xml version="1.0" encoding="UTF-8"?>
<testsuite name="com.generics.testCaseGenerics" tests="3" skipped="0" failures="0" errors="0" timestamp="2019-11-29T05:16:36" hostname="admin1-Lenovo-Product" time="0.008">
  <properties/>
  <testcase name="givenThreeFloat_ShouldReturnMaximum" classname="com.generics.testCaseGenerics" time="0.003"/>
  <testcase name="givenThreeStrings_ShouldReturnMaximum" classname="com.generics.testCaseGenerics" time="0.003"/>
  <testcase name="givenThreeInteger_ShouldReturnMaximum" classname="com.generics.testCaseGenerics" time="0.001"/>
  <system-out><![CDATA[]]></system-out>
  <system-err><![CDATA[]]></system-err>
</testsuite>
